---------------- ----------------- ------------
orp7             11.2.0.4.0        OPEN

SQL> ALTER SESSION SET NLS_DATE_FORMAT = 'DD-MON-YYYY HH24:MI:SS';

Session altered.

SQL> select sysdate from dual;

SYSDATE
--------------------
07-JUL-2016 10:32:33

SQL> ----------------------------------------
--  ATUALIZAÇÃO DO PLANO DE RESOURCE :
----------------------------------------


ALTER SYSTEM SET RESOURCE_MANAGER_PLAN = '';
SQL> SQL> SQL> SQL> SQL>
System altered.

SQL> BEGIN
  2
  DBMS_RESOURCE_MANAGER.CLEAR_PENDING_AREA();
  3    4    DBMS_RESOURCE_MANAGER.CREATE_PENDING_AREA();
  5
-- ATUALIZANDO SYS_DBA
  6    7    DBMS_RESOURCE_MANAGER.UPDATE_PLAN_DIRECTIVE(
  8         plan => 'COPASA_ORP7'
      ,group_or_subplan => 'SYS_DBA'
  9   10        ,new_comment => 'SYS System and DBAs'
 11        ,new_mgmt_p1 => 90
   );
 12   13
 14  --ATUALIZANDO APP
 15    DBMS_RESOURCE_MANAGER.UPDATE_PLAN_DIRECTIVE(
 16          plan => 'COPASA_ORP7'
 17         ,group_or_subplan => 'APP'
       ,new_comment => 'Sistemas e Aplicativos'
 18   19         ,new_mgmt_p2 => 70
       ,new_switch_group => 'DESENVOLVEDORES'
 20   21         ,new_switch_time => 60
 22  );
 23
 24  --ATUALIZANDO DESENVOLVEDORES
  DBMS_RESOURCE_MANAGER.UPDATE_PLAN_DIRECTIVE(
 25   26          plan => 'COPASA_ORP7'
 27         ,group_or_subplan => 'DESENVOLVEDORES'
       ,new_comment => 'Desenvolvedores e analistas'
 28   29         ,new_mgmt_p2 => 30
 30         ,new_max_utilization_limit => 30
);
 31   32
 33  END;
 34  /

PL/SQL procedure successfully completed.

SQL>
SQL> BEGIN
  2    --DBMS_RESOURCE_MANAGER_PRIVS.GRANT_SWITCH_CONSUMER_GROUP (GRANTEE_NAME=>'SCOTT',CONSUMER_GROUP=>'DESENVOLVEDORES',GRANT_OPTION=>TRUE);
  3
  4    DBMS_RESOURCE_MANAGER_PRIVS.GRANT_SWITCH_CONSUMER_GROUP (GRANTEE_NAME=>'APA'                  ,CONSUMER_GROUP=>'DESENVOLVEDORES',GRANT_OPTION=>TRUE);
  DBMS_RESOURCE_MANAGER_PRIVS.GRANT_SWITCH_CONSUMER_GROUP (GRANTEE_NAME=>'APEX_030200'          ,CONSUMER_GROUP=>'DESENVOLVEDORES',GRANT_OPTION=>TRUE);
  DBMS_RESOURCE_MANAGER_PRIVS.GRANT_SWITCH_CONSUMER_GROUP (GRANTEE_NAME=>'APEX_PUBLIC_USER'     ,CONSUMER_GROUP=>'DESENVOLVEDORES',GRANT_OPTION=>TRUE);
  5    6    7    DBMS_RESOURCE_MANAGER_PRIVS.GRANT_SWITCH_CONSUMER_GROUP (GRANTEE_NAME=>'APPQOSSYS'            ,CONSUMER_GROUP=>'DESENVOLVEDORES',GRANT_OPTION=>TRUE);
  8    DBMS_RESOURCE_MANAGER_PRIVS.GRANT_SWITCH_CONSUMER_GROUP (GRANTEE_NAME=>'ATENDIMENTO'          ,CONSUMER_GROUP=>'DESENVOLVEDORES',GRANT_OPTION=>TRUE);
  9    DBMS_RESOURCE_MANAGER_PRIVS.GRANT_SWITCH_CONSUMER_GROUP (GRANTEE_NAME=>'CAUSU'                ,CONSUMER_GROUP=>'DESENVOLVEDORES',GRANT_OPTION=>TRUE);
  DBMS_RESOURCE_MANAGER_PRIVS.GRANT_SWITCH_CONSUMER_GROUP (GRANTEE_NAME=>'CHUA'                 ,CONSUMER_GROUP=>'DESENVOLVEDORES',GRANT_OPTION=>TRUE);
 10   11    DBMS_RESOURCE_MANAGER_PRIVS.GRANT_SWITCH_CONSUMER_GROUP (GRANTEE_NAME=>'CICEPT'               ,CONSUMER_GROUP=>'DESENVOLVEDORES',GRANT_OPTION=>TRUE);
 12    DBMS_RESOURCE_MANAGER_PRIVS.GRANT_SWITCH_CONSUMER_GROUP (GRANTEE_NAME=>'CIPA'                 ,CONSUMER_GROUP=>'DESENVOLVEDORES',GRANT_OPTION=>TRUE);
  DBMS_RESOURCE_MANAGER_PRIVS.GRANT_SWITCH_CONSUMER_GROUP (GRANTEE_NAME=>'CNIRA'                ,CONSUMER_GROUP=>'DESENVOLVEDORES',GRANT_OPTION=>TRUE);
 13   14    DBMS_RESOURCE_MANAGER_PRIVS.GRANT_SWITCH_CONSUMER_GROUP (GRANTEE_NAME=>'COMISSIONADO'         ,CONSUMER_GROUP=>'DESENVOLVEDORES',GRANT_OPTION=>TRUE);
  DBMS_RESOURCE_MANAGER_PRIVS.GRANT_SWITCH_CONSUMER_GROUP (GRANTEE_NAME=>'COMUNICADO'           ,CONSUMER_GROUP=>'DESENVOLVEDORES',GRANT_OPTION=>TRUE);
  DBMS_RESOURCE_MANAGER_PRIVS.GRANT_SWITCH_CONSUMER_GROUP (GRANTEE_NAME=>'CONFIA'               ,CONSUMER_GROUP=>'DESENVOLVEDORES',GRANT_OPTION=>TRUE);
 15   16   17    DBMS_RESOURCE_MANAGER_PRIVS.GRANT_SWITCH_CONSUMER_GROUP (GRANTEE_NAME=>'COPASA'               ,CONSUMER_GROUP=>'DESENVOLVEDORES',GRANT_OPTION=>TRUE);
  DBMS_RESOURCE_MANAGER_PRIVS.GRANT_SWITCH_CONSUMER_GROUP (GRANTEE_NAME=>'CORPORATIVO'          ,CONSUMER_GROUP=>'DESENVOLVEDORES',GRANT_OPTION=>TRUE);
 18   19    DBMS_RESOURCE_MANAGER_PRIVS.GRANT_SWITCH_CONSUMER_GROUP (GRANTEE_NAME=>'DE'                   ,CONSUMER_GROUP=>'DESENVOLVEDORES',GRANT_OPTION=>TRUE);
 20    DBMS_RESOURCE_MANAGER_PRIVS.GRANT_SWITCH_CONSUMER_GROUP (GRANTEE_NAME=>'DFENCE'               ,CONSUMER_GROUP=>'DESENVOLVEDORES',GRANT_OPTION=>TRUE);
 21    DBMS_RESOURCE_MANAGER_PRIVS.GRANT_SWITCH_CONSUMER_GROUP (GRANTEE_NAME=>'DIP'                  ,CONSUMER_GROUP=>'DESENVOLVEDORES',GRANT_OPTION=>TRUE);
 22    DBMS_RESOURCE_MANAGER_PRIVS.GRANT_SWITCH_CONSUMER_GROUP (GRANTEE_NAME=>'DVII'                 ,CONSUMER_GROUP=>'DESENVOLVEDORES',GRANT_OPTION=>TRUE);
  DBMS_RESOURCE_MANAGER_PRIVS.GRANT_SWITCH_CONSUMER_GROUP (GRANTEE_NAME=>'DW'                   ,CONSUMER_GROUP=>'DESENVOLVEDORES',GRANT_OPTION=>TRUE);
 23   24    DBMS_RESOURCE_MANAGER_PRIVS.GRANT_SWITCH_CONSUMER_GROUP (GRANTEE_NAME=>'EARCHITECT'           ,CONSUMER_GROUP=>'DESENVOLVEDORES',GRANT_OPTION=>TRUE);
 25    DBMS_RESOURCE_MANAGER_PRIVS.GRANT_SWITCH_CONSUMER_GROUP (GRANTEE_NAME=>'ES222060'             ,CONSUMER_GROUP=>'DESENVOLVEDORES',GRANT_OPTION=>TRUE);
 26    DBMS_RESOURCE_MANAGER_PRIVS.GRANT_SWITCH_CONSUMER_GROUP (GRANTEE_NAME=>'ES234566'             ,CONSUMER_GROUP=>'DESENVOLVEDORES',GRANT_OPTION=>TRUE);
  DBMS_RESOURCE_MANAGER_PRIVS.GRANT_SWITCH_CONSUMER_GROUP (GRANTEE_NAME=>'ESTAGIARIOS'          ,CONSUMER_GROUP=>'DESENVOLVEDORES',GRANT_OPTION=>TRUE);
 27   28    DBMS_RESOURCE_MANAGER_PRIVS.GRANT_SWITCH_CONSUMER_GROUP (GRANTEE_NAME=>'EXFSYS'               ,CONSUMER_GROUP=>'DESENVOLVEDORES',GRANT_OPTION=>TRUE);
 29    DBMS_RESOURCE_MANAGER_PRIVS.GRANT_SWITCH_CONSUMER_GROUP (GRANTEE_NAME=>'EXTRAFOR'             ,CONSUMER_GROUP=>'DESENVOLVEDORES',GRANT_OPTION=>TRUE);
  DBMS_RESOURCE_MANAGER_PRIVS.GRANT_SWITCH_CONSUMER_GROUP (GRANTEE_NAME=>'FATMOVEL'             ,CONSUMER_GROUP=>'DESENVOLVEDORES',GRANT_OPTION=>TRUE);
 30   31    DBMS_RESOURCE_MANAGER_PRIVS.GRANT_SWITCH_CONSUMER_GROUP (GRANTEE_NAME=>'FLOWS_FILES'          ,CONSUMER_GROUP=>'DESENVOLVEDORES',GRANT_OPTION=>TRUE);
  DBMS_RESOURCE_MANAGER_PRIVS.GRANT_SWITCH_CONSUMER_GROUP (GRANTEE_NAME=>'FRAMEWORK'            ,CONSUMER_GROUP=>'DESENVOLVEDORES',GRANT_OPTION=>TRUE);
 32   33    DBMS_RESOURCE_MANAGER_PRIVS.GRANT_SWITCH_CONSUMER_GROUP (GRANTEE_NAME=>'GDI'                  ,CONSUMER_GROUP=>'DESENVOLVEDORES',GRANT_OPTION=>TRUE);
 34    DBMS_RESOURCE_MANAGER_PRIVS.GRANT_SWITCH_CONSUMER_GROUP (GRANTEE_NAME=>'GEM'                  ,CONSUMER_GROUP=>'DESENVOLVEDORES',GRANT_OPTION=>TRUE);
 35    DBMS_RESOURCE_MANAGER_PRIVS.GRANT_SWITCH_CONSUMER_GROUP (GRANTEE_NAME=>'GEOPROC'              ,CONSUMER_GROUP=>'DESENVOLVEDORES',GRANT_OPTION=>TRUE);
  DBMS_RESOURCE_MANAGER_PRIVS.GRANT_SWITCH_CONSUMER_GROUP (GRANTEE_NAME=>'GERHA'                ,CONSUMER_GROUP=>'DESENVOLVEDORES',GRANT_OPTION=>TRUE);
 36   37    DBMS_RESOURCE_MANAGER_PRIVS.GRANT_SWITCH_CONSUMER_GROUP (GRANTEE_NAME=>'GERSIN'               ,CONSUMER_GROUP=>'DESENVOLVEDORES',GRANT_OPTION=>TRUE);
 38    DBMS_RESOURCE_MANAGER_PRIVS.GRANT_SWITCH_CONSUMER_GROUP (GRANTEE_NAME=>'GESPEC'               ,CONSUMER_GROUP=>'DESENVOLVEDORES',GRANT_OPTION=>TRUE);
 39    DBMS_RESOURCE_MANAGER_PRIVS.GRANT_SWITCH_CONSUMER_GROUP (GRANTEE_NAME=>'GESPRE'               ,CONSUMER_GROUP=>'DESENVOLVEDORES',GRANT_OPTION=>TRUE);
  DBMS_RESOURCE_MANAGER_PRIVS.GRANT_SWITCH_CONSUMER_GROUP (GRANTEE_NAME=>'GESTOR'               ,CONSUMER_GROUP=>'DESENVOLVEDORES',GRANT_OPTION=>TRUE);
 40   41    DBMS_RESOURCE_MANAGER_PRIVS.GRANT_SWITCH_CONSUMER_GROUP (GRANTEE_NAME=>'GESTORCNOR'           ,CONSUMER_GROUP=>'DESENVOLVEDORES',GRANT_OPTION=>TRUE);
  DBMS_RESOURCE_MANAGER_PRIVS.GRANT_SWITCH_CONSUMER_GROUP (GRANTEE_NAME=>'ICE'                  ,CONSUMER_GROUP=>'DESENVOLVEDORES',GRANT_OPTION=>TRUE);
  DBMS_RESOURCE_MANAGER_PRIVS.GRANT_SWITCH_CONSUMER_GROUP (GRANTEE_NAME=>'IMPORTACAO'           ,CONSUMER_GROUP=>'DESENVOLVEDORES',GRANT_OPTION=>TRUE);
 42   43   44    DBMS_RESOURCE_MANAGER_PRIVS.GRANT_SWITCH_CONSUMER_GROUP (GRANTEE_NAME=>'INFOEMP'              ,CONSUMER_GROUP=>'DESENVOLVEDORES',GRANT_OPTION=>TRUE);
 45    DBMS_RESOURCE_MANAGER_PRIVS.GRANT_SWITCH_CONSUMER_GROUP (GRANTEE_NAME=>'INFOISIS'             ,CONSUMER_GROUP=>'DESENVOLVEDORES',GRANT_OPTION=>TRUE);
  DBMS_RESOURCE_MANAGER_PRIVS.GRANT_SWITCH_CONSUMER_GROUP (GRANTEE_NAME=>'INSPECAO'             ,CONSUMER_GROUP=>'DESENVOLVEDORES',GRANT_OPTION=>TRUE);
 46   47    DBMS_RESOURCE_MANAGER_PRIVS.GRANT_SWITCH_CONSUMER_GROUP (GRANTEE_NAME=>'JCR'                  ,CONSUMER_GROUP=>'DESENVOLVEDORES',GRANT_OPTION=>TRUE);
 48    DBMS_RESOURCE_MANAGER_PRIVS.GRANT_SWITCH_CONSUMER_GROUP (GRANTEE_NAME=>'LICIT'                ,CONSUMER_GROUP=>'DESENVOLVEDORES',GRANT_OPTION=>TRUE);
 49    DBMS_RESOURCE_MANAGER_PRIVS.GRANT_SWITCH_CONSUMER_GROUP (GRANTEE_NAME=>'LMS'                  ,CONSUMER_GROUP=>'DESENVOLVEDORES',GRANT_OPTION=>TRUE);
 50    DBMS_RESOURCE_MANAGER_PRIVS.GRANT_SWITCH_CONSUMER_GROUP (GRANTEE_NAME=>'MAI'                  ,CONSUMER_GROUP=>'DESENVOLVEDORES',GRANT_OPTION=>TRUE);
  DBMS_RESOURCE_MANAGER_PRIVS.GRANT_SWITCH_CONSUMER_GROUP (GRANTEE_NAME=>'MAXX'                 ,CONSUMER_GROUP=>'DESENVOLVEDORES',GRANT_OPTION=>TRUE);
 51   52    DBMS_RESOURCE_MANAGER_PRIVS.GRANT_SWITCH_CONSUMER_GROUP (GRANTEE_NAME=>'MCE'                  ,CONSUMER_GROUP=>'DESENVOLVEDORES',GRANT_OPTION=>TRUE);
 53    DBMS_RESOURCE_MANAGER_PRIVS.GRANT_SWITCH_CONSUMER_GROUP (GRANTEE_NAME=>'MDDATA'               ,CONSUMER_GROUP=>'DESENVOLVEDORES',GRANT_OPTION=>TRUE);
  DBMS_RESOURCE_MANAGER_PRIVS.GRANT_SWITCH_CONSUMER_GROUP (GRANTEE_NAME=>'MDSYS'                ,CONSUMER_GROUP=>'DESENVOLVEDORES',GRANT_OPTION=>TRUE);
 54   55    DBMS_RESOURCE_MANAGER_PRIVS.GRANT_SWITCH_CONSUMER_GROUP (GRANTEE_NAME=>'MGMT_VIEW'            ,CONSUMER_GROUP=>'DESENVOLVEDORES',GRANT_OPTION=>TRUE);
  DBMS_RESOURCE_MANAGER_PRIVS.GRANT_SWITCH_CONSUMER_GROUP (GRANTEE_NAME=>'NETADMIN'             ,CONSUMER_GROUP=>'DESENVOLVEDORES',GRANT_OPTION=>TRUE);
 56   57    DBMS_RESOURCE_MANAGER_PRIVS.GRANT_SWITCH_CONSUMER_GROUP (GRANTEE_NAME=>'NORTEC'               ,CONSUMER_GROUP=>'DESENVOLVEDORES',GRANT_OPTION=>TRUE);
  DBMS_RESOURCE_MANAGER_PRIVS.GRANT_SWITCH_CONSUMER_GROUP (GRANTEE_NAME=>'ODI_DW'               ,CONSUMER_GROUP=>'DESENVOLVEDORES',GRANT_OPTION=>TRUE);
 58   59    DBMS_RESOURCE_MANAGER_PRIVS.GRANT_SWITCH_CONSUMER_GROUP (GRANTEE_NAME=>'OPERACIONAL'          ,CONSUMER_GROUP=>'DESENVOLVEDORES',GRANT_OPTION=>TRUE);
  DBMS_RESOURCE_MANAGER_PRIVS.GRANT_SWITCH_CONSUMER_GROUP (GRANTEE_NAME=>'ORDDATA'              ,CONSUMER_GROUP=>'DESENVOLVEDORES',GRANT_OPTION=>TRUE);
 60   61    DBMS_RESOURCE_MANAGER_PRIVS.GRANT_SWITCH_CONSUMER_GROUP (GRANTEE_NAME=>'ORDPLUGINS'           ,CONSUMER_GROUP=>'DESENVOLVEDORES',GRANT_OPTION=>TRUE);
 62    DBMS_RESOURCE_MANAGER_PRIVS.GRANT_SWITCH_CONSUMER_GROUP (GRANTEE_NAME=>'ORDSYS'               ,CONSUMER_GROUP=>'DESENVOLVEDORES',GRANT_OPTION=>TRUE);
 63    DBMS_RESOURCE_MANAGER_PRIVS.GRANT_SWITCH_CONSUMER_GROUP (GRANTEE_NAME=>'ORTENG'               ,CONSUMER_GROUP=>'DESENVOLVEDORES',GRANT_OPTION=>TRUE);
  DBMS_RESOURCE_MANAGER_PRIVS.GRANT_SWITCH_CONSUMER_GROUP (GRANTEE_NAME=>'OWBSYS'               ,CONSUMER_GROUP=>'DESENVOLVEDORES',GRANT_OPTION=>TRUE);
 64   65    DBMS_RESOURCE_MANAGER_PRIVS.GRANT_SWITCH_CONSUMER_GROUP (GRANTEE_NAME=>'OWBSYS_AUDIT'         ,CONSUMER_GROUP=>'DESENVOLVEDORES',GRANT_OPTION=>TRUE);
  DBMS_RESOURCE_MANAGER_PRIVS.GRANT_SWITCH_CONSUMER_GROUP (GRANTEE_NAME=>'PDTECNOLOGICO'        ,CONSUMER_GROUP=>'DESENVOLVEDORES',GRANT_OPTION=>TRUE);
 66   67    DBMS_RESOURCE_MANAGER_PRIVS.GRANT_SWITCH_CONSUMER_GROUP (GRANTEE_NAME=>'PESQUISA'             ,CONSUMER_GROUP=>'DESENVOLVEDORES',GRANT_OPTION=>TRUE);
 68    DBMS_RESOURCE_MANAGER_PRIVS.GRANT_SWITCH_CONSUMER_GROUP (GRANTEE_NAME=>'PG060205'             ,CONSUMER_GROUP=>'DESENVOLVEDORES',GRANT_OPTION=>TRUE);
 69    DBMS_RESOURCE_MANAGER_PRIVS.GRANT_SWITCH_CONSUMER_GROUP (GRANTEE_NAME=>'PIC'                  ,CONSUMER_GROUP=>'DESENVOLVEDORES',GRANT_OPTION=>TRUE);
 70    DBMS_RESOURCE_MANAGER_PRIVS.GRANT_SWITCH_CONSUMER_GROUP (GRANTEE_NAME=>'PLANOACAO'            ,CONSUMER_GROUP=>'DESENVOLVEDORES',GRANT_OPTION=>TRUE);
  DBMS_RESOURCE_MANAGER_PRIVS.GRANT_SWITCH_CONSUMER_GROUP (GRANTEE_NAME=>'PORTAL'               ,CONSUMER_GROUP=>'DESENVOLVEDORES',GRANT_OPTION=>TRUE);
  DBMS_RESOURCE_MANAGER_PRIVS.GRANT_SWITCH_CONSUMER_GROUP (GRANTEE_NAME=>'PROJETO'              ,CONSUMER_GROUP=>'DESENVOLVEDORES',GRANT_OPTION=>TRUE);
 71   72   73    DBMS_RESOURCE_MANAGER_PRIVS.GRANT_SWITCH_CONSUMER_GROUP (GRANTEE_NAME=>'PROTOCOLO'            ,CONSUMER_GROUP=>'DESENVOLVEDORES',GRANT_OPTION=>TRUE);
  DBMS_RESOURCE_MANAGER_PRIVS.GRANT_SWITCH_CONSUMER_GROUP (GRANTEE_NAME=>'QUALIAGUA'            ,CONSUMER_GROUP=>'DESENVOLVEDORES',GRANT_OPTION=>TRUE);
 74   75    DBMS_RESOURCE_MANAGER_PRIVS.GRANT_SWITCH_CONSUMER_GROUP (GRANTEE_NAME=>'QUALIAGUA_USER'       ,CONSUMER_GROUP=>'DESENVOLVEDORES',GRANT_OPTION=>TRUE);
  DBMS_RESOURCE_MANAGER_PRIVS.GRANT_SWITCH_CONSUMER_GROUP (GRANTEE_NAME=>'RM'                   ,CONSUMER_GROUP=>'DESENVOLVEDORES',GRANT_OPTION=>TRUE);
 76   77    DBMS_RESOURCE_MANAGER_PRIVS.GRANT_SWITCH_CONSUMER_GROUP (GRANTEE_NAME=>'RSE'                  ,CONSUMER_GROUP=>'DESENVOLVEDORES',GRANT_OPTION=>TRUE);
 78    DBMS_RESOURCE_MANAGER_PRIVS.GRANT_SWITCH_CONSUMER_GROUP (GRANTEE_NAME=>'SADGE'                ,CONSUMER_GROUP=>'DESENVOLVEDORES',GRANT_OPTION=>TRUE);
  DBMS_RESOURCE_MANAGER_PRIVS.GRANT_SWITCH_CONSUMER_GROUP (GRANTEE_NAME=>'SADGEM'               ,CONSUMER_GROUP=>'DESENVOLVEDORES',GRANT_OPTION=>TRUE);
 79   80    DBMS_RESOURCE_MANAGER_PRIVS.GRANT_SWITCH_CONSUMER_GROUP (GRANTEE_NAME=>'SADGEUNIDADE'         ,CONSUMER_GROUP=>'DESENVOLVEDORES',GRANT_OPTION=>TRUE);
  DBMS_RESOURCE_MANAGER_PRIVS.GRANT_SWITCH_CONSUMER_GROUP (GRANTEE_NAME=>'SAI'                  ,CONSUMER_GROUP=>'DESENVOLVEDORES',GRANT_OPTION=>TRUE);
 81   82    DBMS_RESOURCE_MANAGER_PRIVS.GRANT_SWITCH_CONSUMER_GROUP (GRANTEE_NAME=>'SCOTT'                ,CONSUMER_GROUP=>'DESENVOLVEDORES',GRANT_OPTION=>TRUE);
  DBMS_RESOURCE_MANAGER_PRIVS.GRANT_SWITCH_CONSUMER_GROUP (GRANTEE_NAME=>'SENDER'               ,CONSUMER_GROUP=>'DESENVOLVEDORES',GRANT_OPTION=>TRUE);
 83   84    DBMS_RESOURCE_MANAGER_PRIVS.GRANT_SWITCH_CONSUMER_GROUP (GRANTEE_NAME=>'SGIC'                 ,CONSUMER_GROUP=>'DESENVOLVEDORES',GRANT_OPTION=>TRUE);
 85    DBMS_RESOURCE_MANAGER_PRIVS.GRANT_SWITCH_CONSUMER_GROUP (GRANTEE_NAME=>'SGPS'                 ,CONSUMER_GROUP=>'DESENVOLVEDORES',GRANT_OPTION=>TRUE);
  DBMS_RESOURCE_MANAGER_PRIVS.GRANT_SWITCH_CONSUMER_GROUP (GRANTEE_NAME=>'SIAGAS'               ,CONSUMER_GROUP=>'DESENVOLVEDORES',GRANT_OPTION=>TRUE);
 86   87    DBMS_RESOURCE_MANAGER_PRIVS.GRANT_SWITCH_CONSUMER_GROUP (GRANTEE_NAME=>'SICE'                 ,CONSUMER_GROUP=>'DESENVOLVEDORES',GRANT_OPTION=>TRUE);
 88    DBMS_RESOURCE_MANAGER_PRIVS.GRANT_SWITCH_CONSUMER_GROUP (GRANTEE_NAME=>'SICOAS'               ,CONSUMER_GROUP=>'DESENVOLVEDORES',GRANT_OPTION=>TRUE);
 89    DBMS_RESOURCE_MANAGER_PRIVS.GRANT_SWITCH_CONSUMER_GROUP (GRANTEE_NAME=>'SICOE'                ,CONSUMER_GROUP=>'DESENVOLVEDORES',GRANT_OPTION=>TRUE);
 90    DBMS_RESOURCE_MANAGER_PRIVS.GRANT_SWITCH_CONSUMER_GROUP (GRANTEE_NAME=>'SICOEVIEWS'           ,CONSUMER_GROUP=>'DESENVOLVEDORES',GRANT_OPTION=>TRUE);
 91    DBMS_RESOURCE_MANAGER_PRIVS.GRANT_SWITCH_CONSUMER_GROUP (GRANTEE_NAME=>'SICOM_ISSQN'          ,CONSUMER_GROUP=>'DESENVOLVEDORES',GRANT_OPTION=>TRUE);
 92    DBMS_RESOURCE_MANAGER_PRIVS.GRANT_SWITCH_CONSUMER_GROUP (GRANTEE_NAME=>'SICPA'                ,CONSUMER_GROUP=>'DESENVOLVEDORES',GRANT_OPTION=>TRUE);
 93    DBMS_RESOURCE_MANAGER_PRIVS.GRANT_SWITCH_CONSUMER_GROUP (GRANTEE_NAME=>'SICPAGRAFICO'         ,CONSUMER_GROUP=>'DESENVOLVEDORES',GRANT_OPTION=>TRUE);
  DBMS_RESOURCE_MANAGER_PRIVS.GRANT_SWITCH_CONSUMER_GROUP (GRANTEE_NAME=>'SICQA'                ,CONSUMER_GROUP=>'DESENVOLVEDORES',GRANT_OPTION=>TRUE);
 94   95    DBMS_RESOURCE_MANAGER_PRIVS.GRANT_SWITCH_CONSUMER_GROUP (GRANTEE_NAME=>'SICQA1'               ,CONSUMER_GROUP=>'DESENVOLVEDORES',GRANT_OPTION=>TRUE);
 96    DBMS_RESOURCE_MANAGER_PRIVS.GRANT_SWITCH_CONSUMER_GROUP (GRANTEE_NAME=>'SICQA2'               ,CONSUMER_GROUP=>'DESENVOLVEDORES',GRANT_OPTION=>TRUE);
 97    DBMS_RESOURCE_MANAGER_PRIVS.GRANT_SWITCH_CONSUMER_GROUP (GRANTEE_NAME=>'SICS'                 ,CONSUMER_GROUP=>'DESENVOLVEDORES',GRANT_OPTION=>TRUE);
 98    DBMS_RESOURCE_MANAGER_PRIVS.GRANT_SWITCH_CONSUMER_GROUP (GRANTEE_NAME=>'SIGES'                ,CONSUMER_GROUP=>'DESENVOLVEDORES',GRANT_OPTION=>TRUE);
 99    DBMS_RESOURCE_MANAGER_PRIVS.GRANT_SWITCH_CONSUMER_GROUP (GRANTEE_NAME=>'SIGGAPRE'             ,CONSUMER_GROUP=>'DESENVOLVEDORES',GRANT_OPTION=>TRUE);
  DBMS_RESOURCE_MANAGER_PRIVS.GRANT_SWITCH_CONSUMER_GROUP (GRANTEE_NAME=>'SIM'                  ,CONSUMER_GROUP=>'DESENVOLVEDORES',GRANT_OPTION=>TRUE);
100  101    DBMS_RESOURCE_MANAGER_PRIVS.GRANT_SWITCH_CONSUMER_GROUP (GRANTEE_NAME=>'SIMSG'                ,CONSUMER_GROUP=>'DESENVOLVEDORES',GRANT_OPTION=>TRUE);
102    DBMS_RESOURCE_MANAGER_PRIVS.GRANT_SWITCH_CONSUMER_GROUP (GRANTEE_NAME=>'SINCO'                ,CONSUMER_GROUP=>'DESENVOLVEDORES',GRANT_OPTION=>TRUE);
103    DBMS_RESOURCE_MANAGER_PRIVS.GRANT_SWITCH_CONSUMER_GROUP (GRANTEE_NAME=>'SIOP'                 ,CONSUMER_GROUP=>'DESENVOLVEDORES',GRANT_OPTION=>TRUE);
104    DBMS_RESOURCE_MANAGER_PRIVS.GRANT_SWITCH_CONSUMER_GROUP (GRANTEE_NAME=>'SIRP'                 ,CONSUMER_GROUP=>'DESENVOLVEDORES',GRANT_OPTION=>TRUE);
  DBMS_RESOURCE_MANAGER_PRIVS.GRANT_SWITCH_CONSUMER_GROUP (GRANTEE_NAME=>'SISAP'                ,CONSUMER_GROUP=>'DESENVOLVEDORES',GRANT_OPTION=>TRUE);
105  106    DBMS_RESOURCE_MANAGER_PRIVS.GRANT_SWITCH_CONSUMER_GROUP (GRANTEE_NAME=>'SISDEM'               ,CONSUMER_GROUP=>'DESENVOLVEDORES',GRANT_OPTION=>TRUE);
  DBMS_RESOURCE_MANAGER_PRIVS.GRANT_SWITCH_CONSUMER_GROUP (GRANTEE_NAME=>'SISDIV'               ,CONSUMER_GROUP=>'DESENVOLVEDORES',GRANT_OPTION=>TRUE);
107  108    DBMS_RESOURCE_MANAGER_PRIVS.GRANT_SWITCH_CONSUMER_GROUP (GRANTEE_NAME=>'SISLOC'               ,CONSUMER_GROUP=>'DESENVOLVEDORES',GRANT_OPTION=>TRUE);
  DBMS_RESOURCE_MANAGER_PRIVS.GRANT_SWITCH_CONSUMER_GROUP (GRANTEE_NAME=>'SISMACRO'             ,CONSUMER_GROUP=>'DESENVOLVEDORES',GRANT_OPTION=>TRUE);
109  110    DBMS_RESOURCE_MANAGER_PRIVS.GRANT_SWITCH_CONSUMER_GROUP (GRANTEE_NAME=>'SISMED'               ,CONSUMER_GROUP=>'DESENVOLVEDORES',GRANT_OPTION=>TRUE);
111    DBMS_RESOURCE_MANAGER_PRIVS.GRANT_SWITCH_CONSUMER_GROUP (GRANTEE_NAME=>'SISOP'                ,CONSUMER_GROUP=>'DESENVOLVEDORES',GRANT_OPTION=>TRUE);
112    DBMS_RESOURCE_MANAGER_PRIVS.GRANT_SWITCH_CONSUMER_GROUP (GRANTEE_NAME=>'SISPO'                ,CONSUMER_GROUP=>'DESENVOLVEDORES',GRANT_OPTION=>TRUE);
  DBMS_RESOURCE_MANAGER_PRIVS.GRANT_SWITCH_CONSUMER_GROUP (GRANTEE_NAME=>'SISSEG'               ,CONSUMER_GROUP=>'DESENVOLVEDORES',GRANT_OPTION=>TRUE);
113  114    DBMS_RESOURCE_MANAGER_PRIVS.GRANT_SWITCH_CONSUMER_GROUP (GRANTEE_NAME=>'SISTEL'               ,CONSUMER_GROUP=>'DESENVOLVEDORES',GRANT_OPTION=>TRUE);
  DBMS_RESOURCE_MANAGER_PRIVS.GRANT_SWITCH_CONSUMER_GROUP (GRANTEE_NAME=>'SI_INFORMTN_SCHEMA'   ,CONSUMER_GROUP=>'DESENVOLVEDORES',GRANT_OPTION=>TRUE);
115  116    DBMS_RESOURCE_MANAGER_PRIVS.GRANT_SWITCH_CONSUMER_GROUP (GRANTEE_NAME=>'SM2COLETOR'           ,CONSUMER_GROUP=>'DESENVOLVEDORES',GRANT_OPTION=>TRUE);
117    DBMS_RESOURCE_MANAGER_PRIVS.GRANT_SWITCH_CONSUMER_GROUP (GRANTEE_NAME=>'SPATIAL_CSW_ADMIN_USR',CONSUMER_GROUP=>'DESENVOLVEDORES',GRANT_OPTION=>TRUE);
118    DBMS_RESOURCE_MANAGER_PRIVS.GRANT_SWITCH_CONSUMER_GROUP (GRANTEE_NAME=>'SPATIAL_WFS_ADMIN_USR',CONSUMER_GROUP=>'DESENVOLVEDORES',GRANT_OPTION=>TRUE);
119    DBMS_RESOURCE_MANAGER_PRIVS.GRANT_SWITCH_CONSUMER_GROUP (GRANTEE_NAME=>'SPILOTO'              ,CONSUMER_GROUP=>'DESENVOLVEDORES',GRANT_OPTION=>TRUE);
  DBMS_RESOURCE_MANAGER_PRIVS.GRANT_SWITCH_CONSUMER_GROUP (GRANTEE_NAME=>'SURICATO'             ,CONSUMER_GROUP=>'DESENVOLVEDORES',GRANT_OPTION=>TRUE);
120  121    DBMS_RESOURCE_MANAGER_PRIVS.GRANT_SWITCH_CONSUMER_GROUP (GRANTEE_NAME=>'TEDESCO'              ,CONSUMER_GROUP=>'DESENVOLVEDORES',GRANT_OPTION=>TRUE);
  DBMS_RESOURCE_MANAGER_PRIVS.GRANT_SWITCH_CONSUMER_GROUP (GRANTEE_NAME=>'TELEFONIA'            ,CONSUMER_GROUP=>'DESENVOLVEDORES',GRANT_OPTION=>TRUE);
122  123    DBMS_RESOURCE_MANAGER_PRIVS.GRANT_SWITCH_CONSUMER_GROUP (GRANTEE_NAME=>'TELESSVR'             ,CONSUMER_GROUP=>'DESENVOLVEDORES',GRANT_OPTION=>TRUE);
  DBMS_RESOURCE_MANAGER_PRIVS.GRANT_SWITCH_CONSUMER_GROUP (GRANTEE_NAME=>'TRANSPARENCIA'        ,CONSUMER_GROUP=>'DESENVOLVEDORES',GRANT_OPTION=>TRUE);
124  125

126  127
END;
128  129  /

PL/SQL procedure successfully completed.

SQL> DBMS_RESOURCE_MANAGER.VALIDATE_PENDING_AREA();
  DBMS_RESOURCE_MANAGER.SUBMIT_PENDING_AREA();
SP2-0734: unknown command beginning "DBMS_RESOU..." - rest of line ignored.
SQL> SP2-0734: unknown command beginning "DBMS_RESOU..." - rest of line ignored.
SQL>
SQL>
SQL> BEGIN

  DBMS_RESOURCE_MANAGER.VALIDATE_PENDING_AREA();
  DBMS_RESOURCE_MANAGER.SUBMIT_PENDING_AREA();
END;
/
  2    3    4    5    6
PL/SQL procedure successfully completed.

SQL>


SQL>
SQL>
SQL> alter system set resource_manager_plan=COPASA_ORP7;

System altered.

SQL>
SQL> show parameter resource

NAME                                 TYPE        VALUE
------------------------------------ ----------- ------------------------------
resource_limit                       boolean     TRUE
resource_manager_cpu_allocation      integer     2
resource_manager_plan                string      COPASA_ORP7
SQL>


SQL> --Vendo planos ativos
SELECT name, is_top_plan FROM v$rsrc_plan;SQL>

NAME                             IS_TO
-------------------------------- -----
COPASA_ORP7                      TRUE

